0 info it worked if it ends with ok
1 verbose cli [ '/usr/local/Cellar/node/6.7.0/bin/node',
1 verbose cli   '/usr/local/bin/npm',
1 verbose cli   'run',
1 verbose cli   'tests' ]
2 info using npm@3.10.8
3 info using node@v6.7.0
4 verbose run-script [ 'pretests', 'tests', 'posttests' ]
5 info lifecycle alfonse@1.0.0~pretests: alfonse@1.0.0
6 silly lifecycle alfonse@1.0.0~pretests: no script for pretests, continuing
7 info lifecycle alfonse@1.0.0~tests: alfonse@1.0.0
8 verbose lifecycle alfonse@1.0.0~tests: unsafe-perm in lifecycle true
9 verbose lifecycle alfonse@1.0.0~tests: PATH: /usr/local/lib/node_modules/npm/bin/node-gyp-bin:/Users/alistair/Code/personal/alfonse/node_modules/.bin:/usr/local/Cellar/node/6.7.0/bin:/usr/local/bin:/usr/bin:/bin:/usr/sbin:/sbin
10 verbose lifecycle alfonse@1.0.0~tests: CWD: /Users/alistair/Code/personal/alfonse
11 silly lifecycle alfonse@1.0.0~tests: Args: [ '-c', 'jasmine' ]
12 silly lifecycle alfonse@1.0.0~tests: Returned: code: 1  signal: null
13 info lifecycle alfonse@1.0.0~tests: Failed to exec tests script
14 verbose stack Error: alfonse@1.0.0 tests: `jasmine`
14 verbose stack Exit status 1
14 verbose stack     at EventEmitter.<anonymous> (/usr/local/lib/node_modules/npm/lib/utils/lifecycle.js:255:16)
14 verbose stack     at emitTwo (events.js:106:13)
14 verbose stack     at EventEmitter.emit (events.js:191:7)
14 verbose stack     at ChildProcess.<anonymous> (/usr/local/lib/node_modules/npm/lib/utils/spawn.js:40:14)
14 verbose stack     at emitTwo (events.js:106:13)
14 verbose stack     at ChildProcess.emit (events.js:191:7)
14 verbose stack     at maybeClose (internal/child_process.js:877:16)
14 verbose stack     at Process.ChildProcess._handle.onexit (internal/child_process.js:226:5)
15 verbose pkgid alfonse@1.0.0
16 verbose cwd /Users/alistair/Code/personal/alfonse
17 error Darwin 16.1.0
18 error argv "/usr/local/Cellar/node/6.7.0/bin/node" "/usr/local/bin/npm" "run" "tests"
19 error node v6.7.0
20 error npm  v3.10.8
21 error code ELIFECYCLE
22 error alfonse@1.0.0 tests: `jasmine`
22 error Exit status 1
23 error Failed at the alfonse@1.0.0 tests script 'jasmine'.
23 error Make sure you have the latest version of node.js and npm installed.
23 error If you do, this is most likely a problem with the alfonse package,
23 error not with npm itself.
23 error Tell the author that this fails on your system:
23 error     jasmine
23 error You can get information on how to open an issue for this project with:
23 error     npm bugs alfonse
23 error Or if that isn't available, you can get their info via:
23 error     npm owner ls alfonse
23 error There is likely additional logging output above.
24 verbose exit [ 1, true ]
